Copyright 1986-2018 Xilinx, Inc. All Rights Reserved.
-------------------------------------------------------------------------------------
| Tool Version : Vivado v.2018.2 (win64) Build 2258646 Thu Jun 14 20:03:12 MDT 2018
| Date         : Sun Oct 14 10:16:43 2018
| Host         : DESKTOP-43187V1 running 64-bit major release  (build 9200)
| Command      : report_control_sets -verbose -file fpga_top_control_sets_placed.rpt
| Design       : fpga_top
| Device       : xc7a35ti
-------------------------------------------------------------------------------------

Control Set Information

Table of Contents
-----------------
1. Summary
2. Histogram
3. Flip-Flop Distribution
4. Detailed Control Set Information

1. Summary
----------

+----------------------------------------------------------+-------+
|                          Status                          | Count |
+----------------------------------------------------------+-------+
| Number of unique control sets                            |   123 |
| Unused register locations in slices containing registers |   244 |
+----------------------------------------------------------+-------+


2. Histogram
------------

+--------+--------------+
| Fanout | Control Sets |
+--------+--------------+
|      2 |            4 |
|      6 |            1 |
|      8 |           21 |
|     10 |            5 |
|     12 |            1 |
|     14 |           64 |
|    16+ |           27 |
+--------+--------------+


3. Flip-Flop Distribution
-------------------------

+--------------+-----------------------+------------------------+-----------------+--------------+
| Clock Enable | Synchronous Set/Reset | Asynchronous Set/Reset | Total Registers | Total Slices |
+--------------+-----------------------+------------------------+-----------------+--------------+
| No           | No                    | No                     |              34 |           15 |
| No           | No                    | Yes                    |             252 |           46 |
| No           | Yes                   | No                     |             120 |           23 |
| Yes          | No                    | No                     |             210 |           37 |
| Yes          | No                    | Yes                    |            1208 |          208 |
| Yes          | Yes                   | No                     |            1052 |          142 |
+--------------+-----------------------+------------------------+-----------------+--------------+


4. Detailed Control Set Information
-----------------------------------

+-----------------------+----------------------------------------------------------------------+-------------------------------------------------------------+------------------+----------------+
|      Clock Signal     |                             Enable Signal                            |                       Set/Reset Signal                      | Slice Load Count | Bel Load Count |
+-----------------------+----------------------------------------------------------------------+-------------------------------------------------------------+------------------+----------------+
|  PM_PLL/inst/clk_36   | PM_SPI_CONTROLLER/PM_SPI_MASTER/PM_SPI_M/spi_mosi_i_1_n_0            | PM_OLED/PM_UserDisp/PM_SPI_COMP/AR[0]                       |                1 |              2 |
|  PM_PLL/inst/clk_100  |                                                                      | PM_UART/uart_tx_inst/tx_r_i_1_n_0                           |                1 |              2 |
|  PM_PLL/inst/clk_100  | PM_OLED/PM_Init/temp_vdd2_out                                        |                                                             |                1 |              2 |
|  PM_PLL/inst/clk_100  | PM_OLED/PM_Init/temp_vbat3_out                                       |                                                             |                1 |              2 |
|  PM_PLL/inst/clk_100  | PM_OLED/PM_Init/DELAY_COMP/FSM_onehot_current_state[3]_i_1_n_0       | PM_OLED/PM_UserDisp/PM_SPI_COMP/AR[0]                       |                1 |              6 |
|  PM_PLL/inst/clk_100  | PM_OLED/PM_UserDisp/after_page_state                                 |                                                             |                2 |              8 |
|  PM_PLL/inst/clk_36   | PM_SPI_CONTROLLER/PM_SPI_MASTER/PM_SPI_M/spi_wr_local_byte           | PM_OLED/PM_UserDisp/PM_SPI_COMP/AR[0]                       |                1 |              8 |
|  PM_PLL/inst/clk_36   | PM_SPI_CONTROLLER/PM_SPI_MASTER/spi_wr_valid0                        | PM_OLED/PM_UserDisp/PM_SPI_COMP/AR[0]                       |                1 |              8 |
|  PM_PLL/inst/clk_100  | PM_OLED/PM_UserDisp/E[0]                                             | PM_OLED/PM_UserDisp/PM_SPI_COMP/AR[0]                       |                1 |              8 |
|  PM_PLL/inst/clk_100  |                                                                      | PM_OLED/PM_UserDisp/PM_SPI_COMP/counter                     |                1 |              8 |
|  PM_PLL/inst/clk_100  | PM_OLED/PM_UserDisp/g0_b0__2_n_0                                     |                                                             |                1 |              8 |
|  PM_PLL/inst/clk_100  |                                                                      | PM_OLED/PM_Init/SPI_COMP/counter                            |                1 |              8 |
|  PM_PLL/inst/clk_100  | PM_DATA_PROCESS/PM_DATAINPUT/PM_FIFO/wr_ptr0                         | PM_OLED/PM_UserDisp/PM_SPI_COMP/AR[0]                       |                2 |              8 |
|  PM_PLL/inst/clk_100  | PM_OLED/PM_UserDisp/temp_spi_data[5]_i_1__0_n_0                      |                                                             |                2 |              8 |
|  PM_PLL/inst/clk_100  | PM_XADC_PWM/pwm_out_i_1_n_0                                          | PM_OLED/PM_UserDisp/PM_SPI_COMP/AR[0]                       |                1 |              8 |
|  PM_PLL/inst/clk_100  | PM_OLED/PM_UserDisp/temp_spi_data[5]_i_1__0_n_0                      | PM_OLED/PM_UserDisp/temp_spi_data[7]_i_1__0_n_0             |                2 |              8 |
|  PM_PLL/inst/clk_100  | PM_I2C_WRAPPER/PM_I2C_MASTER/E[0]                                    | PM_OLED/PM_UserDisp/PM_SPI_COMP/AR[0]                       |                2 |              8 |
|  PM_PLL/inst/clk_100  | PM_I2C_WRAPPER/i2c_data_wr[6]_i_1_n_0                                | PM_OLED/PM_UserDisp/PM_SPI_COMP/AR[0]                       |                1 |              8 |
|  PM_PLL/inst/clk_100  | PM_UART/fifo_rx_inst/rd_ptr0                                         | PM_OLED/PM_UserDisp/PM_SPI_COMP/AR[0]                       |                2 |              8 |
|  PM_PLL/inst/clk_100  | PM_UART/fifo_rx_inst/wr_ptr0                                         | PM_OLED/PM_UserDisp/PM_SPI_COMP/AR[0]                       |                1 |              8 |
|  PM_PLL/inst/clk_100  | calc_3                                                               | PM_OLED/PM_UserDisp/PM_SPI_COMP/AR[0]                       |                2 |              8 |
|  PM_PLL/inst/clk_100  | PM_UART/fifo_tx_inst/rd_ptr0                                         | PM_OLED/PM_UserDisp/PM_SPI_COMP/AR[0]                       |                1 |              8 |
|  PM_PLL/inst/clk_100  | calc_2                                                               | PM_OLED/PM_UserDisp/PM_SPI_COMP/AR[0]                       |                3 |              8 |
|  PM_PLL/inst/clk_100  | PM_UART/fifo_tx_inst/wr_ptr0                                         | PM_OLED/PM_UserDisp/PM_SPI_COMP/AR[0]                       |                1 |              8 |
|  PM_PLL/inst/clk_100  | calc_4                                                               | PM_OLED/PM_UserDisp/PM_SPI_COMP/AR[0]                       |                2 |              8 |
|  PM_PLL/inst/clk_100  | hex_digit0                                                           |                                                             |                2 |              8 |
|  PM_PLL/inst/clk_100  | PM_OLED/PM_UserDisp/PM_SPI_COMP/E[0]                                 |                                                             |                4 |             10 |
|  PM_PLL/inst/clk_100  | PM_OLED/PM_Init/SPI_COMP/E[0]                                        | PM_OLED/PM_UserDisp/PM_SPI_COMP/AR[0]                       |                2 |             10 |
|  PM_PLL/inst/clk_100  | PM_OLED/PM_Init/g0_b0__0_n_0                                         |                                                             |                1 |             10 |
|  PM_PLL/inst/clk_100  | PM_OLED/PM_Init/SPI_COMP/temp_sdo                                    | PM_OLED/PM_Init/SPI_COMP/shift_counter[3]_i_1_n_0           |                2 |             10 |
|  PM_PLL/inst/clk_100  | PM_OLED/PM_UserDisp/PM_SPI_COMP/temp_sdo                             | PM_OLED/PM_UserDisp/PM_SPI_COMP/shift_counter[3]_i_1__0_n_0 |                2 |             10 |
|  PM_PLL/inst/clk_100  | PM_I2C_WRAPPER/PM_I2C_MASTER/addr_rw0                                |                                                             |                2 |             12 |
|  PM_PLL/inst/clk_100  | PM_OLED/PM_UserDisp/user_screen[3,15]                                | PM_OLED/PM_UserDisp/PM_SPI_COMP/AR[0]                       |                2 |             14 |
|  PM_PLL/inst/clk_100  | PM_OLED/PM_UserDisp/user_screen[3,1]                                 | PM_OLED/PM_UserDisp/PM_SPI_COMP/AR[0]                       |                4 |             14 |
|  PM_PLL/inst/clk_100  | PM_OLED/PM_UserDisp/user_screen[2,6]                                 | PM_OLED/PM_UserDisp/PM_SPI_COMP/AR[0]                       |                2 |             14 |
|  PM_PLL/inst/clk_100  | PM_OLED/PM_UserDisp/user_screen[3,10]                                | PM_OLED/PM_UserDisp/PM_SPI_COMP/AR[0]                       |                2 |             14 |
|  PM_PLL/inst/clk_100  | PM_OLED/PM_UserDisp/user_screen[3,13]                                | PM_OLED/PM_UserDisp/PM_SPI_COMP/AR[0]                       |                1 |             14 |
|  PM_PLL/inst/clk_100  | PM_OLED/PM_UserDisp/user_screen[3,14]                                | PM_OLED/PM_UserDisp/PM_SPI_COMP/AR[0]                       |                1 |             14 |
|  PM_PLL/inst/clk_100  | PM_OLED/PM_UserDisp/user_screen[2,14]                                | PM_OLED/PM_UserDisp/PM_SPI_COMP/AR[0]                       |                1 |             14 |
|  PM_PLL/inst/clk_100  | PM_OLED/PM_UserDisp/user_screen[1,5]                                 | PM_OLED/PM_UserDisp/PM_SPI_COMP/AR[0]                       |                1 |             14 |
|  PM_PLL/inst/clk_100  | PM_OLED/PM_UserDisp/user_screen[0,0]                                 | PM_OLED/PM_UserDisp/PM_SPI_COMP/AR[0]                       |                1 |             14 |
|  PM_PLL/inst/clk_100  | PM_OLED/PM_UserDisp/user_screen[0,10]                                | PM_OLED/PM_UserDisp/PM_SPI_COMP/AR[0]                       |                4 |             14 |
|  PM_PLL/inst/clk_100  | PM_OLED/PM_UserDisp/user_screen[0,11]                                | PM_OLED/PM_UserDisp/PM_SPI_COMP/AR[0]                       |                4 |             14 |
|  PM_PLL/inst/clk_100  | PM_OLED/PM_UserDisp/user_screen[0,12]                                | PM_OLED/PM_UserDisp/PM_SPI_COMP/AR[0]                       |                1 |             14 |
|  PM_PLL/inst/clk_100  | PM_OLED/PM_UserDisp/user_screen[1,12]                                | PM_OLED/PM_UserDisp/PM_SPI_COMP/AR[0]                       |                1 |             14 |
|  PM_PLL/inst/clk_100  | PM_OLED/PM_UserDisp/user_screen[1,3]                                 | PM_OLED/PM_UserDisp/PM_SPI_COMP/AR[0]                       |                3 |             14 |
|  PM_PLL/inst/clk_100  | PM_OLED/PM_UserDisp/user_screen[0,3]                                 | PM_OLED/PM_UserDisp/PM_SPI_COMP/AR[0]                       |                5 |             14 |
|  PM_PLL/inst/clk_100  | PM_OLED/PM_UserDisp/user_screen[1,0]                                 | PM_OLED/PM_UserDisp/PM_SPI_COMP/AR[0]                       |                2 |             14 |
|  PM_PLL/inst/clk_100  | PM_OLED/PM_UserDisp/user_screen[1,6]                                 | PM_OLED/PM_UserDisp/PM_SPI_COMP/AR[0]                       |                1 |             14 |
|  PM_PLL/inst/clk_100  | PM_OLED/PM_UserDisp/user_screen[2,0]                                 | PM_OLED/PM_UserDisp/PM_SPI_COMP/AR[0]                       |                3 |             14 |
|  PM_PLL/inst/clk_100  | PM_OLED/PM_UserDisp/user_screen[2,10]                                | PM_OLED/PM_UserDisp/PM_SPI_COMP/AR[0]                       |                2 |             14 |
|  PM_PLL/inst/clk_100  | PM_OLED/PM_UserDisp/user_screen[2,11]                                | PM_OLED/PM_UserDisp/PM_SPI_COMP/AR[0]                       |                2 |             14 |
|  PM_PLL/inst/clk_100  | PM_OLED/PM_UserDisp/user_screen[0,13]                                | PM_OLED/PM_UserDisp/PM_SPI_COMP/AR[0]                       |                2 |             14 |
|  PM_PLL/inst/clk_100  | PM_OLED/PM_UserDisp/user_screen[1,11]                                | PM_OLED/PM_UserDisp/PM_SPI_COMP/AR[0]                       |                2 |             14 |
|  PM_PLL/inst/clk_100  | PM_OLED/PM_UserDisp/user_screen[1,14]                                | PM_OLED/PM_UserDisp/PM_SPI_COMP/AR[0]                       |                1 |             14 |
|  PM_PLL/inst/clk_100  | PM_OLED/PM_UserDisp/user_screen[0,8]                                 | PM_OLED/PM_UserDisp/PM_SPI_COMP/AR[0]                       |                3 |             14 |
|  PM_PLL/inst/clk_100  | PM_OLED/PM_UserDisp/user_screen[1,2]                                 | PM_OLED/PM_UserDisp/PM_SPI_COMP/AR[0]                       |                4 |             14 |
|  PM_PLL/inst/clk_100  | PM_OLED/PM_UserDisp/user_screen[1,4]                                 | PM_OLED/PM_UserDisp/PM_SPI_COMP/AR[0]                       |                3 |             14 |
|  PM_PLL/inst/clk_100  | PM_OLED/PM_UserDisp/user_screen[1,9]                                 | PM_OLED/PM_UserDisp/PM_SPI_COMP/AR[0]                       |                3 |             14 |
|  PM_PLL/inst/clk_100  | PM_OLED/PM_UserDisp/user_screen[0,2]                                 | PM_OLED/PM_UserDisp/PM_SPI_COMP/AR[0]                       |                4 |             14 |
|  PM_PLL/inst/clk_100  | PM_OLED/PM_UserDisp/user_screen[0,15]                                | PM_OLED/PM_UserDisp/PM_SPI_COMP/AR[0]                       |                2 |             14 |
|  PM_PLL/inst/clk_100  | PM_OLED/PM_UserDisp/user_screen[3,7]                                 | PM_OLED/PM_UserDisp/PM_SPI_COMP/AR[0]                       |                1 |             14 |
|  PM_PLL/inst/clk_100  | PM_OLED/PM_UserDisp/user_screen[0,4]                                 | PM_OLED/PM_UserDisp/PM_SPI_COMP/AR[0]                       |                1 |             14 |
|  PM_PLL/inst/clk_100  | PM_OLED/PM_UserDisp/user_screen[1,15]                                | PM_OLED/PM_UserDisp/PM_SPI_COMP/AR[0]                       |                5 |             14 |
|  PM_PLL/inst/clk_100  | PM_OLED/PM_UserDisp/user_screen[1,7]                                 | PM_OLED/PM_UserDisp/PM_SPI_COMP/AR[0]                       |                3 |             14 |
|  PM_PLL/inst/clk_100  | PM_OLED/PM_UserDisp/user_screen[1,10]                                | PM_OLED/PM_UserDisp/PM_SPI_COMP/AR[0]                       |                3 |             14 |
|  PM_PLL/inst/clk_100  | PM_OLED/PM_UserDisp/user_screen[1,13]                                | PM_OLED/PM_UserDisp/PM_SPI_COMP/AR[0]                       |                2 |             14 |
|  PM_PLL/inst/clk_100  | PM_OLED/PM_UserDisp/user_screen[0,1]                                 | PM_OLED/PM_UserDisp/PM_SPI_COMP/AR[0]                       |                5 |             14 |
|  PM_PLL/inst/clk_100  | PM_OLED/PM_UserDisp/user_screen[0,7]                                 | PM_OLED/PM_UserDisp/PM_SPI_COMP/AR[0]                       |                1 |             14 |
|  PM_PLL/inst/clk_100  | PM_OLED/PM_UserDisp/user_screen[0,5]                                 | PM_OLED/PM_UserDisp/PM_SPI_COMP/AR[0]                       |                1 |             14 |
|  PM_PLL/inst/clk_100  | PM_OLED/PM_UserDisp/user_screen[0,6]                                 | PM_OLED/PM_UserDisp/PM_SPI_COMP/AR[0]                       |                1 |             14 |
|  PM_PLL/inst/clk_100  | PM_OLED/PM_UserDisp/user_screen[1,1]                                 | PM_OLED/PM_UserDisp/PM_SPI_COMP/AR[0]                       |                5 |             14 |
|  PM_PLL/inst/clk_100  | PM_OLED/PM_UserDisp/user_screen[0,9]                                 | PM_OLED/PM_UserDisp/PM_SPI_COMP/AR[0]                       |                3 |             14 |
|  PM_PLL/inst/clk_100  | PM_OLED/PM_UserDisp/user_screen[0,14]                                | PM_OLED/PM_UserDisp/PM_SPI_COMP/AR[0]                       |                2 |             14 |
|  PM_PLL/inst/clk_100  | PM_OLED/PM_UserDisp/user_screen[1,8]                                 | PM_OLED/PM_UserDisp/PM_SPI_COMP/AR[0]                       |                2 |             14 |
|  PM_PLL/inst/clk_100  | PM_OLED/PM_UserDisp/user_screen[3,3]                                 | PM_OLED/PM_UserDisp/PM_SPI_COMP/AR[0]                       |                4 |             14 |
|  PM_PLL/inst/clk_100  | PM_OLED/PM_UserDisp/user_screen[3,5]                                 | PM_OLED/PM_UserDisp/PM_SPI_COMP/AR[0]                       |                1 |             14 |
|  PM_PLL/inst/clk_100  | PM_OLED/PM_UserDisp/user_screen[3,9]                                 | PM_OLED/PM_UserDisp/PM_SPI_COMP/AR[0]                       |                3 |             14 |
|  PM_PLL/inst/clk_100  | PM_OLED/PM_UserDisp/user_screen[2,12]                                | PM_OLED/PM_UserDisp/PM_SPI_COMP/AR[0]                       |                4 |             14 |
|  PM_PLL/inst/clk_100  | PM_OLED/PM_UserDisp/user_screen[2,1]                                 | PM_OLED/PM_UserDisp/PM_SPI_COMP/AR[0]                       |                2 |             14 |
|  PM_PLL/inst/clk_100  | PM_OLED/PM_UserDisp/user_screen[2,4]                                 | PM_OLED/PM_UserDisp/PM_SPI_COMP/AR[0]                       |                1 |             14 |
|  PM_PLL/inst/clk_100  | PM_OLED/PM_UserDisp/user_screen[3,4]                                 | PM_OLED/PM_UserDisp/PM_SPI_COMP/AR[0]                       |                1 |             14 |
|  PM_PLL/inst/clk_100  | PM_OLED/PM_UserDisp/user_screen[2,15]                                | PM_OLED/PM_UserDisp/PM_SPI_COMP/AR[0]                       |                3 |             14 |
|  PM_PLL/inst/clk_100  | PM_OLED/PM_UserDisp/user_screen[2,5]                                 | PM_OLED/PM_UserDisp/PM_SPI_COMP/AR[0]                       |                1 |             14 |
|  PM_PLL/inst/clk_100  | PM_OLED/PM_UserDisp/user_screen[2,9]                                 | PM_OLED/PM_UserDisp/PM_SPI_COMP/AR[0]                       |                2 |             14 |
|  PM_PLL/inst/clk_100  | PM_OLED/PM_UserDisp/user_screen[2,8]                                 | PM_OLED/PM_UserDisp/PM_SPI_COMP/AR[0]                       |                2 |             14 |
|  PM_PLL/inst/clk_100  | PM_OLED/PM_UserDisp/user_screen[3,12]                                | PM_OLED/PM_UserDisp/PM_SPI_COMP/AR[0]                       |                1 |             14 |
|  PM_PLL/inst/clk_100  | PM_OLED/PM_UserDisp/user_screen[2,13]                                | PM_OLED/PM_UserDisp/PM_SPI_COMP/AR[0]                       |                2 |             14 |
|  PM_PLL/inst/clk_100  | PM_OLED/PM_UserDisp/user_screen[3,11]                                | PM_OLED/PM_UserDisp/PM_SPI_COMP/AR[0]                       |                1 |             14 |
|  PM_PLL/inst/clk_100  | PM_OLED/PM_UserDisp/user_screen[3,2]                                 | PM_OLED/PM_UserDisp/PM_SPI_COMP/AR[0]                       |                1 |             14 |
|  PM_PLL/inst/clk_100  | PM_OLED/PM_UserDisp/user_screen[3,8]                                 | PM_OLED/PM_UserDisp/PM_SPI_COMP/AR[0]                       |                6 |             14 |
|  PM_PLL/inst/clk_100  | PM_OLED/PM_UserDisp/user_screen[3,0]                                 | PM_OLED/PM_UserDisp/PM_SPI_COMP/AR[0]                       |                1 |             14 |
|  PM_PLL/inst/clk_100  | PM_OLED/PM_UserDisp/user_screen[3,6]                                 | PM_OLED/PM_UserDisp/PM_SPI_COMP/AR[0]                       |                1 |             14 |
|  PM_PLL/inst/clk_100  | PM_OLED/PM_UserDisp/user_screen[2,3]                                 | PM_OLED/PM_UserDisp/PM_SPI_COMP/AR[0]                       |                3 |             14 |
|  PM_PLL/inst/clk_100  | PM_OLED/PM_UserDisp/user_screen[2,7]                                 | PM_OLED/PM_UserDisp/PM_SPI_COMP/AR[0]                       |                1 |             14 |
|  PM_PLL/inst/clk_100  | PM_OLED/PM_UserDisp/user_screen[2,2]                                 | PM_OLED/PM_UserDisp/PM_SPI_COMP/AR[0]                       |                3 |             14 |
|  PM_PLL/inst/clk_100  | PM_OLED/PM_UserDisp/PM_SPI_COMP/shift_register                       |                                                             |                2 |             16 |
|  PM_PLL/inst/clk_100  | PM_OLED/PM_Init/SPI_COMP/shift_register_0                            |                                                             |                2 |             16 |
|  PM_PLL/inst/clk_100  | PM_OLED/PM_Init/g0_b0__1_n_0                                         |                                                             |                1 |             16 |
|  PM_PLL/inst/clk_100  | PM_UART/uart_rx_inst/cnt_data_r[7]_i_1_n_0                           |                                                             |                5 |             16 |
|  PM_PLL/inst/clk_100  | PM_UART/fifo_tx_inst/dout[7]_i_1_n_0                                 |                                                             |                2 |             16 |
|  PM_CLKDIV_1M/clk_1M  |                                                                      | PM_OLED/PM_UserDisp/PM_SPI_COMP/AR[0]                       |                2 |             16 |
|  PM_PLL/inst/clk_36   |                                                                      | PM_OLED/PM_UserDisp/PM_SPI_COMP/AR[0]                       |                4 |             18 |
|  PM_PLL/inst/clk_100  | PM_I2C_WRAPPER/PM_I2C_MASTER/busy1                                   | PM_OLED/PM_UserDisp/PM_SPI_COMP/AR[0]                       |                4 |             18 |
|  PM_PLL/inst/clk_100  |                                                                      | PM_UART/uart_rx_inst/cnt_div_r0                             |                3 |             20 |
|  PM_PLL/inst/clk_100  | PM_OLED/PM_UserDisp/g0_b0__3_n_0                                     |                                                             |                4 |             20 |
|  PM_PLL/inst/clk_100  | PM_UART/uart_tx_inst/tx_data_sr                                      |                                                             |                2 |             20 |
|  PM_PLL/inst/clk_100  | PM_UART/uart_tx_inst/cnt_shift_r                                     | PM_UART/uart_tx_inst/cnt_shift_r[9]_i_1_n_0                 |                3 |             20 |
|  PM_PLL/inst/clk_100  | rst_n_IBUF                                                           | PM_UART/uart_tx_inst/cnt_shift_r[9]_i_1_n_0                 |                3 |             20 |
|  PM_PLL/inst/clk_100  | PM_OLED/PM_UserDisp/after_char_state                                 |                                                             |                3 |             22 |
|  PM_CLKDIV_1K/clk_10k |                                                                      | PM_OLED/PM_UserDisp/PM_SPI_COMP/AR[0]                       |                4 |             22 |
|  PM_PLL/inst/clk_100  | PM_XADC_PWM/sample[11]_i_1_n_0                                       | PM_OLED/PM_UserDisp/PM_SPI_COMP/AR[0]                       |                3 |             24 |
|  PM_PLL/inst/clk_100  | PM_OLED/PM_Init/DELAY_COMP/ms_counter[0]_i_2_n_0                     | PM_OLED/PM_Init/DELAY_COMP/ms_counter                       |                3 |             24 |
|  PM_PLL/inst/clk_100  | btn_IBUF[0]                                                          | PM_OLED/PM_UserDisp/PM_SPI_COMP/AR[0]                       |                3 |             24 |
|  PM_PLL/inst/clk_100  | xadc_calculation[11]_i_1_n_0                                         | PM_OLED/PM_UserDisp/PM_SPI_COMP/AR[0]                       |               10 |             24 |
|  PM_PLL/inst/clk_100  | oled_req_data                                                        | PM_OLED/PM_UserDisp/PM_SPI_COMP/AR[0]                       |                8 |             28 |
|  PM_PLL/inst/clk_100  | PM_UART/fifo_tx_inst/p_0_in                                          |                                                             |                2 |             32 |
|  PM_PLL/inst/clk_100  |                                                                      | PM_OLED/PM_Init/DELAY_COMP/clk_counter                      |                5 |             34 |
|  PM_PLL/inst/clk_100  |                                                                      |                                                             |               16 |             36 |
|  PM_PLL/inst/clk_36   | PM_SPI_CONTROLLER/PM_SPI_MASTER/PM_SPI_M/spi_bit_counter[31]_i_1_n_0 | PM_OLED/PM_UserDisp/PM_SPI_COMP/AR[0]                       |               14 |             64 |
|  PM_PLL/inst/clk_100  | oled_count[31]_i_1_n_0                                               | PM_OLED/PM_UserDisp/PM_SPI_COMP/AR[0]                       |                6 |             64 |
|  PM_PLL/inst/clk_100  |                                                                      | PM_OLED/PM_UserDisp/PM_SPI_COMP/AR[0]                       |               48 |            244 |
|  PM_PLL/inst/clk_100  | PM_OLED/PM_UserDisp/after_update_state                               | PM_OLED/PM_UserDisp/current_screen[3,0][6]_i_1_n_0          |              116 |            896 |
+-----------------------+----------------------------------------------------------------------+-------------------------------------------------------------+------------------+----------------+


